#
# There is insufficient memory for the Java Runtime Environment to continue.
# Native memory allocation (malloc) failed to allocate 32744 bytes for ChunkPool::allocate
# Possible reasons:
#   The system is out of physical RAM or swap space
#   The process is running with CompressedOops enabled, and the Java Heap may be blocking the growth of the native heap
# Possible solutions:
#   Reduce memory load on the system
#   Increase physical memory or swap space
#   Check if swap backing store is full
#   Decrease Java heap size (-Xmx/-Xms)
#   Decrease number of Java threads
#   Decrease Java thread stack sizes (-Xss)
#   Set larger code cache with -XX:ReservedCodeCacheSize=
#   JVM is running with Unscaled Compressed Oops mode in which the Java heap is
#     placed in the first 4GB address space. The Java Heap base address is the
#     maximum limit for the native heap growth. Please use -XX:HeapBaseMinAddress
#     to set the Java Heap base and to place the Java Heap above 4GB virtual address.
# This output file may be truncated or incomplete.
#
#  Out of Memory Error (arena.cpp:78), pid=14648, tid=7664
#
# JRE version: OpenJDK Runtime Environment Temurin-17.0.4.1+1 (17.0.4.1+1) (build 17.0.4.1+1)
# Java VM: OpenJDK 64-Bit Server VM Temurin-17.0.4.1+1 (17.0.4.1+1, mixed mode, emulated-client, tiered, compressed oops, compressed class ptrs, g1 gc, windows-amd64)
# Core dump will be written. Default location: c:\wamp64\www\senac\entra21\autenticacao-spring\hs_err_pid14648.mdmp
#

---------------  S U M M A R Y ------------

Command Line: -Dsts.lsp.client=vscode -Dsts.log.file=/dev/null -XX:TieredStopAtLevel=1 -Xlog:jni+resolve=off -Dspring.config.location=file:c:\Users\Administrador.WIN-O4UNOBESOUT\.vscode\extensions\pivotal.vscode-spring-boot-1.39.0\language-server\BOOT-INF\classes\application.properties org.springframework.ide.vscode.boot.app.BootLanguageServerBootApp

Host: Intel(R) Xeon(R) CPU E3-1230 v6 @ 3.50GHz, 2 cores, 3G,  Windows Server 2016 , 64 bit Build 14393 (10.0.14393.5127)
Time: Mon Oct 17 10:44:42 2022 Hora oficial do Brasil elapsed time: 34.143312 seconds (0d 0h 0m 34s)

---------------  T H R E A D  ---------------

Current thread (0x000001568fa47960):  JavaThread "C1 CompilerThread0" daemon [_thread_in_native, id=7664, stack(0x00000005fcc00000,0x00000005fcd00000)]


Current CompileTask:
C1:  34143 1814       1       org.springframework.asm.ClassReader::readMethod (1055 bytes)

Stack: [0x00000005fcc00000,0x00000005fcd00000]
Native frames: (J=compiled Java code, j=interpreted, Vv=VM code, C=native code)
V  [jvm.dll+0x67731a]
V  [jvm.dll+0x832284]
V  [jvm.dll+0x833a2e]
V  [jvm.dll+0x834093]
V  [jvm.dll+0x245775]
V  [jvm.dll+0xabfc0]
V  [jvm.dll+0xac30c]
V  [jvm.dll+0x11c5f5]
V  [jvm.dll+0x180f86]
V  [jvm.dll+0x182a0d]
V  [jvm.dll+0x18209b]
V  [jvm.dll+0x149d8b]
V  [jvm.dll+0x134028]
V  [jvm.dll+0x1341b0]
V  [jvm.dll+0x134476]
V  [jvm.dll+0x13390a]
V  [jvm.dll+0x1355d1]
V  [jvm.dll+0x227498]
V  [jvm.dll+0x2255e5]
V  [jvm.dll+0x7e7e9b]
V  [jvm.dll+0x7e240a]
V  [jvm.dll+0x6761a5]
C  [ucrtbase.dll+0x1fb80]
C  [KERNEL32.DLL+0x84d4]
C  [ntdll.dll+0x51791]


---------------  P R O C E S S  ---------------

Threads class SMR info:
_java_thread_list=0x0000015691e79950, length=11, elements={
0x00000156859023f0, 0x000001568fa05020, 0x000001568fa05ca0, 0x000001568fa41010,
0x000001568fa41c90, 0x000001568fa467e0, 0x000001568fa470a0, 0x000001568fa47960,
0x000001568fa48260, 0x00000156905ac100, 0x00000156905ca010
}
_to_delete_list=0x0000015691ce5a60, length=12, elements={
0x00000156859023f0, 0x000001568fa05020, 0x000001568fa05ca0, 0x000001568fa41010,
0x000001568fa41c90, 0x000001568fa467e0, 0x000001568fa470a0, 0x000001568fa47960,
0x000001568fa48260, 0x00000156905ac100, 0x00000156905ca010, 0x0000015690c67590
}

Java Threads: ( => current thread )
  0x00000156859023f0 JavaThread "main" [_thread_in_vm, id=2120, stack(0x00000005fbf00000,0x00000005fc000000)]
  0x000001568fa05020 JavaThread "Reference Handler" daemon [_thread_blocked, id=8540, stack(0x00000005fc600000,0x00000005fc700000)]
  0x000001568fa05ca0 JavaThread "Finalizer" daemon [_thread_blocked, id=15588, stack(0x00000005fc700000,0x00000005fc800000)]
  0x000001568fa41010 JavaThread "Signal Dispatcher" daemon [_thread_blocked, id=10444, stack(0x00000005fc800000,0x00000005fc900000)]
  0x000001568fa41c90 JavaThread "Attach Listener" daemon [_thread_blocked, id=11144, stack(0x00000005fc900000,0x00000005fca00000)]
  0x000001568fa467e0 JavaThread "Service Thread" daemon [_thread_blocked, id=16296, stack(0x00000005fca00000,0x00000005fcb00000)]
  0x000001568fa470a0 JavaThread "Monitor Deflation Thread" daemon [_thread_blocked, id=12368, stack(0x00000005fcb00000,0x00000005fcc00000)]
=>0x000001568fa47960 JavaThread "C1 CompilerThread0" daemon [_thread_in_native, id=7664, stack(0x00000005fcc00000,0x00000005fcd00000)]
  0x000001568fa48260 JavaThread "Sweeper thread" daemon [_thread_blocked, id=11200, stack(0x00000005fcd00000,0x00000005fce00000)]
  0x00000156905ac100 JavaThread "Notification Thread" daemon [_thread_blocked, id=16976, stack(0x00000005fcf00000,0x00000005fd000000)]
  0x00000156905ca010 JavaThread "Common-Cleaner" daemon [_thread_blocked, id=17448, stack(0x00000005fd100000,0x00000005fd200000)]

Other Threads:
  0x00000156859cecb0 VMThread "VM Thread" [stack: 0x00000005fc500000,0x00000005fc600000] [id=13372]
  0x00000156905b09f0 WatcherThread [stack: 0x00000005fd000000,0x00000005fd100000] [id=5072]
  0x000001568593fb40 GCTaskThread "GC Thread#0" [stack: 0x00000005fc000000,0x00000005fc100000] [id=13408]
  0x00000156906f2ac0 GCTaskThread "GC Thread#1" [stack: 0x00000005fd300000,0x00000005fd400000] [id=16232]
  0x0000015685948990 ConcurrentGCThread "G1 Main Marker" [stack: 0x00000005fc100000,0x00000005fc200000] [id=9872]
  0x000001568594a2c0 ConcurrentGCThread "G1 Conc#0" [stack: 0x00000005fc200000,0x00000005fc300000] [id=220]
  0x000001568598eda0 ConcurrentGCThread "G1 Refine#0" [stack: 0x00000005fc300000,0x00000005fc400000] [id=7016]
  0x000001568598f740 ConcurrentGCThread "G1 Service" [stack: 0x00000005fc400000,0x00000005fc500000] [id=17620]

Threads with active compile tasks:
C1 CompilerThread0    34195 1814       1       org.springframework.asm.ClassReader::readMethod (1055 bytes)

VM state: not at safepoint (normal execution)

VM Mutex/Monitor currently owned by a thread: None

OutOfMemory and StackOverflow Exception counts:
OutOfMemoryError java_heap_errors=1
LinkageErrors=41

Heap address: 0x00000000c0000000, size: 1024 MB, Compressed Oops mode: 32-bit

CDS archive(s) not mapped
Compressed class space mapped at: 0x0000000100000000-0x0000000140000000, reserved size: 1073741824
Narrow klass base: 0x0000000000000000, Narrow klass shift: 3, Narrow klass range: 0x140000000

GC Precious Log:
 CPUs: 2 total, 2 available
 Memory: 4094M
 Large Page Support: Disabled
 NUMA Support: Disabled
 Compressed Oops: Enabled (32-bit)
 Heap Region Size: 1M
 Heap Min Capacity: 8M
 Heap Initial Capacity: 64M
 Heap Max Capacity: 1G
 Pre-touch: Disabled
 Parallel Workers: 2
 Concurrent Workers: 1
 Concurrent Refinement Workers: 2
 Periodic GC: Disabled

Heap:
 garbage-first heap   total 48128K, used 22762K [0x00000000c0000000, 0x0000000100000000)
  region size 1024K, 13 young (13312K), 1 survivors (1024K)
 Metaspace       used 23633K, committed 23872K, reserved 1073152K
  class space    used 2908K, committed 3008K, reserved 1048576K

Heap Regions: E=young(eden), S=young(survivor), O=old, HS=humongous(starts), HC=humongous(continues), CS=collection set, F=free, OA=open archive, CA=closed archive, TAMS=top-at-mark-start (previous, next)
|   0|0x00000000c0000000, 0x00000000c0100000, 0x00000000c0100000|100%| O|  |TAMS 0x00000000c0100000, 0x00000000c0000000| Untracked 
|   1|0x00000000c0100000, 0x00000000c0200000, 0x00000000c0200000|100%| O|  |TAMS 0x00000000c0200000, 0x00000000c0100000| Untracked 
|   2|0x00000000c0200000, 0x00000000c0300000, 0x00000000c0300000|100%| O|  |TAMS 0x00000000c0300000, 0x00000000c0200000| Untracked 
|   3|0x00000000c0300000, 0x00000000c0400000, 0x00000000c0400000|100%| O|  |TAMS 0x00000000c0400000, 0x00000000c0300000| Untracked 
|   4|0x00000000c0400000, 0x00000000c0500000, 0x00000000c0500000|100%| O|  |TAMS 0x00000000c0500000, 0x00000000c0400000| Untracked 
|   5|0x00000000c0500000, 0x00000000c0600000, 0x00000000c0600000|100%| O|  |TAMS 0x00000000c0600000, 0x00000000c0500000| Untracked 
|   6|0x00000000c0600000, 0x00000000c0700000, 0x00000000c0700000|100%| O|  |TAMS 0x00000000c06c4200, 0x00000000c0600000| Untracked 
|   7|0x00000000c0700000, 0x00000000c0800000, 0x00000000c0800000|100%| O|  |TAMS 0x00000000c0700000, 0x00000000c0700000| Untracked 
|   8|0x00000000c0800000, 0x00000000c0900000, 0x00000000c0900000|100%| O|  |TAMS 0x00000000c0800000, 0x00000000c0800000| Untracked 
|   9|0x00000000c0900000, 0x00000000c0a00000, 0x00000000c0a00000|100%| O|  |TAMS 0x00000000c0900000, 0x00000000c0900000| Untracked 
|  10|0x00000000c0a00000, 0x00000000c0b00000, 0x00000000c0b00000|100%| O|  |TAMS 0x00000000c0a00000, 0x00000000c0a00000| Untracked 
|  11|0x00000000c0b00000, 0x00000000c0b95a00, 0x00000000c0c00000| 58%| O|  |TAMS 0x00000000c0b00000, 0x00000000c0b00000| Untracked 
|  12|0x00000000c0c00000, 0x00000000c0c00000, 0x00000000c0d00000|  0%| F|  |TAMS 0x00000000c0c00000, 0x00000000c0c00000| Untracked 
|  13|0x00000000c0d00000, 0x00000000c0d00000, 0x00000000c0e00000|  0%| F|  |TAMS 0x00000000c0d00000, 0x00000000c0d00000| Untracked 
|  14|0x00000000c0e00000, 0x00000000c0e00000, 0x00000000c0f00000|  0%| F|  |TAMS 0x00000000c0e00000, 0x00000000c0e00000| Untracked 
|  15|0x00000000c0f00000, 0x00000000c0f00000, 0x00000000c1000000|  0%| F|  |TAMS 0x00000000c0f00000, 0x00000000c0f00000| Untracked 
|  16|0x00000000c1000000, 0x00000000c1000000, 0x00000000c1100000|  0%| F|  |TAMS 0x00000000c1000000, 0x00000000c1000000| Untracked 
|  17|0x00000000c1100000, 0x00000000c1100000, 0x00000000c1200000|  0%| F|  |TAMS 0x00000000c1100000, 0x00000000c1100000| Untracked 
|  18|0x00000000c1200000, 0x00000000c1200000, 0x00000000c1300000|  0%| F|  |TAMS 0x00000000c1200000, 0x00000000c1200000| Untracked 
|  19|0x00000000c1300000, 0x00000000c1300000, 0x00000000c1400000|  0%| F|  |TAMS 0x00000000c1300000, 0x00000000c1300000| Untracked 
|  20|0x00000000c1400000, 0x00000000c1400000, 0x00000000c1500000|  0%| F|  |TAMS 0x00000000c1400000, 0x00000000c1400000| Untracked 
|  21|0x00000000c1500000, 0x00000000c1500000, 0x00000000c1600000|  0%| F|  |TAMS 0x00000000c1500000, 0x00000000c1500000| Untracked 
|  22|0x00000000c1600000, 0x00000000c1600000, 0x00000000c1700000|  0%| F|  |TAMS 0x00000000c1600000, 0x00000000c1600000| Untracked 
|  23|0x00000000c1700000, 0x00000000c1700000, 0x00000000c1800000|  0%| F|  |TAMS 0x00000000c1700000, 0x00000000c1700000| Untracked 
|  24|0x00000000c1800000, 0x00000000c1800000, 0x00000000c1900000|  0%| F|  |TAMS 0x00000000c1800000, 0x00000000c1800000| Untracked 
|  25|0x00000000c1900000, 0x00000000c1900000, 0x00000000c1a00000|  0%| F|  |TAMS 0x00000000c1900000, 0x00000000c1900000| Untracked 
|  26|0x00000000c1a00000, 0x00000000c1a00000, 0x00000000c1b00000|  0%| F|  |TAMS 0x00000000c1a00000, 0x00000000c1a00000| Untracked 
|  27|0x00000000c1b00000, 0x00000000c1b00000, 0x00000000c1c00000|  0%| F|  |TAMS 0x00000000c1b00000, 0x00000000c1b00000| Untracked 
|  28|0x00000000c1c00000, 0x00000000c1c00000, 0x00000000c1d00000|  0%| F|  |TAMS 0x00000000c1c00000, 0x00000000c1c00000| Untracked 
|  29|0x00000000c1d00000, 0x00000000c1d00000, 0x00000000c1e00000|  0%| F|  |TAMS 0x00000000c1d00000, 0x00000000c1d00000| Untracked 
|  30|0x00000000c1e00000, 0x00000000c1e00000, 0x00000000c1f00000|  0%| F|  |TAMS 0x00000000c1e00000, 0x00000000c1e00000| Untracked 
|  31|0x00000000c1f00000, 0x00000000c1f00000, 0x00000000c2000000|  0%| F|  |TAMS 0x00000000c1f00000, 0x00000000c1f00000| Untracked 
|  32|0x00000000c2000000, 0x00000000c2000000, 0x00000000c2100000|  0%| F|  |TAMS 0x00000000c2000000, 0x00000000c2000000| Untracked 
|  33|0x00000000c2100000, 0x00000000c2100000, 0x00000000c2200000|  0%| F|  |TAMS 0x00000000c2100000, 0x00000000c2100000| Untracked 
|  34|0x00000000c2200000, 0x00000000c2300000, 0x00000000c2300000|100%| E|  |TAMS 0x00000000c2200000, 0x00000000c2200000| Complete 
|  35|0x00000000c2300000, 0x00000000c2400000, 0x00000000c2400000|100%| E|CS|TAMS 0x00000000c2300000, 0x00000000c2300000| Complete 
|  36|0x00000000c2400000, 0x00000000c2500000, 0x00000000c2500000|100%| E|CS|TAMS 0x00000000c2400000, 0x00000000c2400000| Complete 
|  37|0x00000000c2500000, 0x00000000c2600000, 0x00000000c2600000|100%| E|CS|TAMS 0x00000000c2500000, 0x00000000c2500000| Complete 
|  38|0x00000000c2600000, 0x00000000c2700000, 0x00000000c2700000|100%| E|CS|TAMS 0x00000000c2600000, 0x00000000c2600000| Complete 
|  39|0x00000000c2700000, 0x00000000c2800000, 0x00000000c2800000|100%| E|CS|TAMS 0x00000000c2700000, 0x00000000c2700000| Complete 
|  40|0x00000000c2800000, 0x00000000c2900000, 0x00000000c2900000|100%| E|CS|TAMS 0x00000000c2800000, 0x00000000c2800000| Complete 
|  41|0x00000000c2900000, 0x00000000c2a00000, 0x00000000c2a00000|100%| E|CS|TAMS 0x00000000c2900000, 0x00000000c2900000| Complete 
|  42|0x00000000c2a00000, 0x00000000c2b00000, 0x00000000c2b00000|100%| E|CS|TAMS 0x00000000c2a00000, 0x00000000c2a00000| Complete 
|  43|0x00000000c2b00000, 0x00000000c2c00000, 0x00000000c2c00000|100%| E|CS|TAMS 0x00000000c2b00000, 0x00000000c2b00000| Complete 
|  44|0x00000000c2c00000, 0x00000000c2d00000, 0x00000000c2d00000|100%| E|  |TAMS 0x00000000c2c00000, 0x00000000c2c00000| Complete 
|  56|0x00000000c3800000, 0x00000000c38a4e70, 0x00000000c3900000| 64%| S|CS|TAMS 0x00000000c3800000, 0x00000000c3800000| Complete 
|  63|0x00000000c3f00000, 0x00000000c4000000, 0x00000000c4000000|100%| E|CS|TAMS 0x00000000c3f00000, 0x00000000c3f00000| Complete 

Card table byte_map: [0x00000156854f0000,0x00000156856f0000] _byte_map_base: 0x0000015684ef0000

Marking Bits (Prev, Next): (CMBitMap*) 0x00000156859400a0, (CMBitMap*) 0x0000015685940060
 Prev Bits: [0x000001568c790000, 0x000001568d790000)
 Next Bits: [0x000001568b790000, 0x000001568c790000)

Polling page: 0x00000156836e0000

Metaspace:

Usage:
  Non-class:     20.24 MB used.
      Class:      2.84 MB used.
       Both:     23.08 MB used.

Virtual space:
  Non-class space:       24.00 MB reserved,      20.38 MB ( 85%) committed,  3 nodes.
      Class space:        1.00 GB reserved,       2.94 MB ( <1%) committed,  1 nodes.
             Both:        1.02 GB reserved,      23.31 MB (  2%) committed. 

Chunk freelists:
   Non-Class:  3.23 MB
       Class:  1006.00 KB
        Both:  4.21 MB

MaxMetaspaceSize: unlimited
CompressedClassSpaceSize: 1.00 GB
Initial GC threshold: 21.00 MB
Current GC threshold: 35.13 MB
CDS: off
MetaspaceReclaimPolicy: balanced
 - commit_granule_bytes: 65536.
 - commit_granule_words: 8192.
 - virtual_space_node_default_size: 1048576.
 - enlarge_chunks_in_place: 1.
 - new_chunks_are_fully_committed: 0.
 - uncommit_free_chunks: 1.
 - use_allocation_guard: 0.
 - handle_deallocations: 1.


Internal statistics:

num_allocs_failed_limit: 5.
num_arena_births: 176.
num_arena_deaths: 0.
num_vsnodes_births: 4.
num_vsnodes_deaths: 0.
num_space_committed: 373.
num_space_uncommitted: 0.
num_chunks_returned_to_freelist: 5.
num_chunks_taken_from_freelist: 671.
num_chunk_merges: 5.
num_chunk_splits: 482.
num_chunks_enlarged: 398.
num_purges: 0.
num_inconsistent_stats: 0.

CodeCache: size=49152Kb used=3829Kb max_used=4143Kb free=45323Kb
 bounds [0x0000015688590000, 0x00000156889a0000, 0x000001568b590000]
 total_blobs=2277 nmethods=1813 adapters=391
 compilation: enabled
              stopped_count=0, restarted_count=0
 full_count=0

Compilation events (20 events):
Event: 34.128 Thread 0x000001568fa47960 nmethod 1804 0x0000015688738690 code [0x0000015688738820, 0x0000015688738948]
Event: 34.128 Thread 0x000001568fa47960 1805       1       jdk.internal.reflect.ClassFileAssembler::emitShort (24 bytes)
Event: 34.128 Thread 0x000001568fa47960 nmethod 1805 0x0000015688738210 code [0x00000156887383c0, 0x0000015688738558]
Event: 34.128 Thread 0x000001568fa47960 1806       1       jdk.internal.reflect.ClassFileAssembler::cpi (22 bytes)
Event: 34.128 Thread 0x000001568fa47960 nmethod 1806 0x0000015688737e90 code [0x0000015688738020, 0x0000015688738188]
Event: 34.129 Thread 0x000001568fa47960 1807       1       jdk.internal.reflect.UTF8::utf8Length (81 bytes)
Event: 34.129 Thread 0x000001568fa47960 nmethod 1807 0x0000015688737790 code [0x0000015688737940, 0x0000015688737bf8]
Event: 34.129 Thread 0x000001568fa47960 1808   !   1       jdk.internal.reflect.UTF8::encode (191 bytes)
Event: 34.130 Thread 0x000001568fa47960 nmethod 1808 0x0000015688736b90 code [0x0000015688736d80, 0x00000156887372f8]
Event: 34.130 Thread 0x000001568fa47960 1809       1       jdk.internal.reflect.ClassFileAssembler::emitConstantPoolUTF8 (50 bytes)
Event: 34.130 Thread 0x000001568fa47960 nmethod 1809 0x0000015688736410 code [0x0000015688736600, 0x00000156887368e8]
Event: 34.130 Thread 0x000001568fa47960 1810       1       jdk.internal.reflect.ByteVectorImpl::getLength (7 bytes)
Event: 34.130 Thread 0x000001568fa47960 nmethod 1810 0x0000015688736110 code [0x00000156887362a0, 0x0000015688736378]
Event: 34.131 Thread 0x000001568fa47960 1811       1       org.springframework.util.ConcurrentReferenceHashMap$SoftEntryReference::getNext (5 bytes)
Event: 34.131 Thread 0x000001568fa47960 nmethod 1811 0x0000015688735e10 code [0x0000015688735fa0, 0x0000015688736078]
Event: 34.131 Thread 0x000001568fa47960 1812       1       org.springframework.core.annotation.TypeMappedAnnotation::getDistance (8 bytes)
Event: 34.131 Thread 0x000001568fa47960 nmethod 1812 0x0000015688735b10 code [0x0000015688735ca0, 0x0000015688735d78]
Event: 34.133 Thread 0x000001568fa47960 1813       1       java.util.HashSet::iterator (13 bytes)
Event: 34.133 Thread 0x000001568fa47960 nmethod 1813 0x0000015688735790 code [0x0000015688735940, 0x0000015688735a58]
Event: 34.133 Thread 0x000001568fa47960 1814       1       org.springframework.asm.ClassReader::readMethod (1055 bytes)

GC Heap History (12 events):
Event: 2.766 GC heap before
{Heap before GC invocations=0 (full 0):
 garbage-first heap   total 65536K, used 5120K [0x00000000c0000000, 0x0000000100000000)
  region size 1024K, 6 young (6144K), 0 survivors (0K)
 Metaspace       used 4139K, committed 4288K, reserved 1056768K
  class space    used 404K, committed 512K, reserved 1048576K
}
Event: 3.052 GC heap after
{Heap after GC invocations=1 (full 0):
 garbage-first heap   total 65536K, used 4393K [0x00000000c0000000, 0x0000000100000000)
  region size 1024K, 1 young (1024K), 1 survivors (1024K)
 Metaspace       used 4139K, committed 4288K, reserved 1056768K
  class space    used 404K, committed 512K, reserved 1048576K
}
Event: 3.374 GC heap before
{Heap before GC invocations=1 (full 0):
 garbage-first heap   total 65536K, used 6441K [0x00000000c0000000, 0x0000000100000000)
  region size 1024K, 4 young (4096K), 1 survivors (1024K)
 Metaspace       used 5304K, committed 5376K, reserved 1056768K
  class space    used 504K, committed 512K, reserved 1048576K
}
Event: 3.375 GC heap after
{Heap after GC invocations=2 (full 0):
 garbage-first heap   total 65536K, used 5885K [0x00000000c0000000, 0x0000000100000000)
  region size 1024K, 1 young (1024K), 1 survivors (1024K)
 Metaspace       used 5304K, committed 5376K, reserved 1056768K
  class space    used 504K, committed 512K, reserved 1048576K
}
Event: 3.668 GC heap before
{Heap before GC invocations=2 (full 0):
 garbage-first heap   total 65536K, used 13053K [0x00000000c0000000, 0x0000000100000000)
  region size 1024K, 8 young (8192K), 1 survivors (1024K)
 Metaspace       used 7665K, committed 7808K, reserved 1056768K
  class space    used 816K, committed 896K, reserved 1048576K
}
Event: 3.670 GC heap after
{Heap after GC invocations=3 (full 0):
 garbage-first heap   total 65536K, used 7454K [0x00000000c0000000, 0x0000000100000000)
  region size 1024K, 1 young (1024K), 1 survivors (1024K)
 Metaspace       used 7665K, committed 7808K, reserved 1056768K
  class space    used 816K, committed 896K, reserved 1048576K
}
Event: 5.866 GC heap before
{Heap before GC invocations=3 (full 0):
 garbage-first heap   total 65536K, used 17694K [0x00000000c0000000, 0x0000000100000000)
  region size 1024K, 11 young (11264K), 1 survivors (1024K)
 Metaspace       used 11044K, committed 11200K, reserved 1064960K
  class space    used 1294K, committed 1344K, reserved 1048576K
}
Event: 5.871 GC heap after
{Heap after GC invocations=4 (full 0):
 garbage-first heap   total 65536K, used 8976K [0x00000000c0000000, 0x0000000100000000)
  region size 1024K, 2 young (2048K), 2 survivors (2048K)
 Metaspace       used 11044K, committed 11200K, reserved 1064960K
  class space    used 1294K, committed 1344K, reserved 1048576K
}
Event: 21.094 GC heap before
{Heap before GC invocations=4 (full 0):
 garbage-first heap   total 65536K, used 40720K [0x00000000c0000000, 0x0000000100000000)
  region size 1024K, 34 young (34816K), 2 survivors (2048K)
 Metaspace       used 19673K, committed 19968K, reserved 1073152K
  class space    used 2426K, committed 2560K, reserved 1048576K
}
Event: 21.107 GC heap after
{Heap after GC invocations=5 (full 0):
 garbage-first heap   total 65536K, used 11879K [0x00000000c0000000, 0x0000000100000000)
  region size 1024K, 5 young (5120K), 5 survivors (5120K)
 Metaspace       used 19673K, committed 19968K, reserved 1073152K
  class space    used 2426K, committed 2560K, reserved 1048576K
}
Event: 21.991 GC heap before
{Heap before GC invocations=5 (full 0):
 garbage-first heap   total 65536K, used 18023K [0x00000000c0000000, 0x0000000100000000)
  region size 1024K, 12 young (12288K), 5 survivors (5120K)
 Metaspace       used 21271K, committed 21504K, reserved 1073152K
  class space    used 2607K, committed 2752K, reserved 1048576K
}
Event: 22.000 GC heap after
{Heap after GC invocations=6 (full 0):
 garbage-first heap   total 65536K, used 12522K [0x00000000c0000000, 0x0000000100000000)
  region size 1024K, 1 young (1024K), 1 survivors (1024K)
 Metaspace       used 21271K, committed 21504K, reserved 1073152K
  class space    used 2607K, committed 2752K, reserved 1048576K
}

Deoptimization events (0 events):
No events

Classes unloaded (0 events):
No events

Classes redefined (0 events):
No events

Internal exceptions (20 events):
Event: 12.701 Thread 0x0000015690c67590 Exception <a 'java/lang/NoSuchMethodError'{0x00000000c25b1060}: 'java.lang.Object java.lang.invoke.DirectMethodHandle$Holder.invokeStaticInit(java.lang.Object, java.lang.Object, java.lang.Object)'> (0x00000000c25b1060) 
thrown [s\src\hotspot\share\interpreter\linkResolver.cpp, line 759]
Event: 12.702 Thread 0x0000015690c67590 Exception <a 'java/lang/NoSuchMethodError'{0x00000000c25b6f50}: 'java.lang.Object java.lang.invoke.DirectMethodHandle$Holder.invokeStaticInit(java.lang.Object, java.lang.Object, java.lang.Object, java.lang.Object, java.lang.Object)'> (0x00000000c25b6f50) 
thrown [s\src\hotspot\share\interpreter\linkResolver.cpp, line 759]
Event: 12.955 Thread 0x00000156859023f0 Exception <a 'java/lang/NoSuchMethodError'{0x00000000c212ca18}: 'org.slf4j.impl.StaticMDCBinder org.slf4j.impl.StaticMDCBinder.getSingleton()'> (0x00000000c212ca18) 
thrown [s\src\hotspot\share\interpreter\linkResolver.cpp, line 759]
Event: 13.289 Thread 0x00000156859023f0 Exception <a 'java/lang/NoSuchMethodError'{0x00000000c1e97148}: 'int java.lang.invoke.DirectMethodHandle$Holder.invokeInterface(java.lang.Object, java.lang.Object)'> (0x00000000c1e97148) 
thrown [s\src\hotspot\share\interpreter\linkResolver.cpp, line 759]
Event: 22.054 Thread 0x00000156859023f0 Exception <a 'java/lang/ClassNotFoundException'{0x00000000c2c71a00}: java/lang/ObjectCustomizer> (0x00000000c2c71a00) 
thrown [s\src\hotspot\share\classfile\systemDictionary.cpp, line 256]
Event: 22.065 Thread 0x00000156859023f0 Exception <a 'java/lang/IncompatibleClassChangeError'{0x00000000c2c759d0}: Found class java.lang.Object, but interface was expected> (0x00000000c2c759d0) 
thrown [s\src\hotspot\share\interpreter\linkResolver.cpp, line 826]
Event: 22.074 Thread 0x00000156859023f0 Exception <a 'java/lang/ClassNotFoundException'{0x00000000c2c8af48}: org/springframework/context/annotation/ConfigurationClassPostProcessorCustomizer> (0x00000000c2c8af48) 
thrown [s\src\hotspot\share\classfile\systemDictionary.cpp, line 256]
Event: 22.078 Thread 0x00000156859023f0 Exception <a 'java/lang/ClassNotFoundException'{0x00000000c2a52648}: org/springframework/beans/factory/support/BeanDefinitionRegistryPostProcessorCustomizer> (0x00000000c2a52648) 
thrown [s\src\hotspot\share\classfile\systemDictionary.cpp, line 256]
Event: 22.079 Thread 0x00000156859023f0 Exception <a 'java/lang/ClassNotFoundException'{0x00000000c2a58e98}: org/springframework/beans/factory/config/BeanFactoryPostProcessorCustomizer> (0x00000000c2a58e98) 
thrown [s\src\hotspot\share\classfile\systemDictionary.cpp, line 256]
Event: 22.080 Thread 0x00000156859023f0 Exception <a 'java/lang/ClassNotFoundException'{0x00000000c2a5f280}: org/springframework/core/PriorityOrderedCustomizer> (0x00000000c2a5f280) 
thrown [s\src\hotspot\share\classfile\systemDictionary.cpp, line 256]
Event: 22.080 Thread 0x00000156859023f0 Exception <a 'java/lang/ClassNotFoundException'{0x00000000c2a641f0}: org/springframework/core/OrderedCustomizer> (0x00000000c2a641f0) 
thrown [s\src\hotspot\share\classfile\systemDictionary.cpp, line 256]
Event: 22.081 Thread 0x00000156859023f0 Exception <a 'java/lang/ClassNotFoundException'{0x00000000c2a6a528}: org/springframework/context/ResourceLoaderAwareCustomizer> (0x00000000c2a6a528) 
thrown [s\src\hotspot\share\classfile\systemDictionary.cpp, line 256]
Event: 22.082 Thread 0x00000156859023f0 Exception <a 'java/lang/ClassNotFoundException'{0x00000000c2a708f8}: org/springframework/beans/factory/AwareCustomizer> (0x00000000c2a708f8) 
thrown [s\src\hotspot\share\classfile\systemDictionary.cpp, line 256]
Event: 22.082 Thread 0x00000156859023f0 Exception <a 'java/lang/ClassNotFoundException'{0x00000000c2a75d50}: org/springframework/context/ApplicationStartupAwareCustomizer> (0x00000000c2a75d50) 
thrown [s\src\hotspot\share\classfile\systemDictionary.cpp, line 256]
Event: 22.083 Thread 0x00000156859023f0 Exception <a 'java/lang/ClassNotFoundException'{0x00000000c2a7c3a8}: org/springframework/beans/factory/AwareCustomizer> (0x00000000c2a7c3a8) 
thrown [s\src\hotspot\share\classfile\systemDictionary.cpp, line 256]
Event: 22.083 Thread 0x00000156859023f0 Exception <a 'java/lang/ClassNotFoundException'{0x00000000c2a81938}: org/springframework/beans/factory/BeanClassLoaderAwareCustomizer> (0x00000000c2a81938) 
thrown [s\src\hotspot\share\classfile\systemDictionary.cpp, line 256]
Event: 22.084 Thread 0x00000156859023f0 Exception <a 'java/lang/ClassNotFoundException'{0x00000000c2a87cf0}: org/springframework/beans/factory/AwareCustomizer> (0x00000000c2a87cf0) 
thrown [s\src\hotspot\share\classfile\systemDictionary.cpp, line 256]
Event: 22.085 Thread 0x00000156859023f0 Exception <a 'java/lang/ClassNotFoundException'{0x00000000c2a8ce50}: org/springframework/context/EnvironmentAwareCustomizer> (0x00000000c2a8ce50) 
thrown [s\src\hotspot\share\classfile\systemDictionary.cpp, line 256]
Event: 22.085 Thread 0x00000156859023f0 Exception <a 'java/lang/ClassNotFoundException'{0x00000000c2a931a0}: org/springframework/beans/factory/AwareCustomizer> (0x00000000c2a931a0) 
thrown [s\src\hotspot\share\classfile\systemDictionary.cpp, line 256]
Event: 22.133 Thread 0x0000015690c67590 Exception <a 'java/lang/NoSuchMethodError'{0x00000000c2739460}: 'java.lang.Object java.lang.invoke.DirectMethodHandle$Holder.invokeVirtual(java.lang.Object, java.lang.Object, java.lang.Object, java.lang.Object)'> (0x00000000c2739460) 
thrown [s\src\hotspot\share\interpreter\linkResolver.cpp, line 759]

VM Operations (20 events):
Event: 12.427 Executing VM operation: HandshakeAllThreads
Event: 12.430 Executing VM operation: HandshakeAllThreads done
Event: 13.305 Executing VM operation: G1CollectForAllocation
Event: 21.138 Executing VM operation: G1CollectForAllocation done
Event: 21.325 Executing VM operation: HandshakeAllThreads
Event: 21.514 Executing VM operation: HandshakeAllThreads done
Event: 21.917 Executing VM operation: CollectForMetadataAllocation
Event: 22.004 Executing VM operation: CollectForMetadataAllocation done
Event: 22.004 Executing VM operation: CollectForMetadataAllocation
Event: 22.004 Executing VM operation: CollectForMetadataAllocation done
Event: 22.008 Executing VM operation: G1Concurrent
Event: 22.010 Executing VM operation: G1Concurrent done
Event: 22.016 Executing VM operation: G1Concurrent
Event: 22.024 Executing VM operation: G1Concurrent done
Event: 22.070 Executing VM operation: HandshakeAllThreads
Event: 22.070 Executing VM operation: HandshakeAllThreads done
Event: 22.115 Executing VM operation: HandshakeAllThreads
Event: 22.117 Executing VM operation: HandshakeAllThreads done
Event: 28.203 Executing VM operation: Cleanup
Event: 33.795 Executing VM operation: Cleanup done

Events (20 events):
Event: 22.151 loading class javax/xml/stream/FactoryFinder$1 done
Event: 22.163 loading class javax/xml/stream/util/XMLEventAllocator
Event: 22.163 loading class javax/xml/stream/util/XMLEventAllocator done
Event: 22.172 loading class javax/xml/stream/XMLOutputFactory
Event: 22.172 loading class javax/xml/stream/XMLOutputFactory done
Event: 22.176 loading class javax/xml/stream/XMLEventWriter
Event: 22.176 loading class javax/xml/stream/util/XMLEventConsumer
Event: 22.176 loading class javax/xml/stream/util/XMLEventConsumer done
Event: 22.176 loading class javax/xml/stream/XMLEventWriter done
Event: 22.186 loading class javax/xml/namespace/QName
Event: 22.186 loading class javax/xml/namespace/QName done
Event: 22.199 loading class java/util/IdentityHashMap$KeyIterator
Event: 22.199 loading class java/util/IdentityHashMap$KeyIterator done
Event: 22.199 Thread 0x0000015690c67590 Thread exited: 0x0000015690c67590
Event: 33.840 loading class java/util/regex/Pattern$LazyLoop
Event: 33.840 loading class java/util/regex/Pattern$LazyLoop done
Event: 33.895 loading class java/lang/AssertionError
Event: 33.895 loading class java/lang/AssertionError done
Event: 33.912 loading class java/lang/Deprecated
Event: 33.912 loading class java/lang/Deprecated done


Dynamic libraries:
0x00007ff75e560000 - 0x00007ff75e56e000 	c:\Users\Administrador.WIN-O4UNOBESOUT\.vscode\extensions\redhat.java-1.11.0-win32-x64\jre\17.0.4.1-win32-x86_64\bin\java.exe
0x00007ffd20a00000 - 0x00007ffd20bcf000 	C:\Windows\SYSTEM32\ntdll.dll
0x00007ffd1ec90000 - 0x00007ffd1ed3d000 	C:\Windows\System32\KERNEL32.DLL
0x00007ffd1d9d0000 - 0x00007ffd1dbee000 	C:\Windows\System32\KERNELBASE.dll
0x00007ffd1dbf0000 - 0x00007ffd1dce4000 	C:\Windows\System32\ucrtbase.dll
0x00007ffd0e500000 - 0x00007ffd0e518000 	c:\Users\Administrador.WIN-O4UNOBESOUT\.vscode\extensions\redhat.java-1.11.0-win32-x64\jre\17.0.4.1-win32-x86_64\bin\jli.dll
0x00007ffd20890000 - 0x00007ffd209f6000 	C:\Windows\System32\USER32.dll
0x00007ffd1d150000 - 0x00007ffd1d16e000 	C:\Windows\System32\win32u.dll
0x00007ffd1e2d0000 - 0x00007ffd1e304000 	C:\Windows\System32\GDI32.dll
0x00007ffd1cf20000 - 0x00007ffd1d0a4000 	C:\Windows\System32\gdi32full.dll
0x00007ffd0dc80000 - 0x00007ffd0dc99000 	c:\Users\Administrador.WIN-O4UNOBESOUT\.vscode\extensions\redhat.java-1.11.0-win32-x64\jre\17.0.4.1-win32-x86_64\bin\VCRUNTIME140.dll
0x00007ffd0c540000 - 0x00007ffd0c7ba000 	C:\Windows\WinSxS\amd64_microsoft.windows.common-controls_6595b64144ccf1df_6.0.14393.4169_none_7de0bbf28341b1f2\COMCTL32.dll
0x00007ffd1f0e0000 - 0x00007ffd1f17e000 	C:\Windows\System32\msvcrt.dll
0x00007ffd1ed40000 - 0x00007ffd1f006000 	C:\Windows\System32\combase.dll
0x00007ffd1e850000 - 0x00007ffd1e96d000 	C:\Windows\System32\RPCRT4.dll
0x00007ffd1d1d0000 - 0x00007ffd1d23c000 	C:\Windows\System32\bcryptPrimitives.dll
0x00007ffd20850000 - 0x00007ffd2087e000 	C:\Windows\System32\IMM32.DLL
0x00007ffd148e0000 - 0x00007ffd148ec000 	c:\Users\Administrador.WIN-O4UNOBESOUT\.vscode\extensions\redhat.java-1.11.0-win32-x64\jre\17.0.4.1-win32-x86_64\bin\vcruntime140_1.dll
0x00007ffcf4140000 - 0x00007ffcf41d1000 	c:\Users\Administrador.WIN-O4UNOBESOUT\.vscode\extensions\redhat.java-1.11.0-win32-x64\jre\17.0.4.1-win32-x86_64\bin\msvcp140.dll
0x00007ffce26e0000 - 0x00007ffce3326000 	c:\Users\Administrador.WIN-O4UNOBESOUT\.vscode\extensions\redhat.java-1.11.0-win32-x64\jre\17.0.4.1-win32-x86_64\bin\server\jvm.dll
0x00007ffd1e1c0000 - 0x00007ffd1e266000 	C:\Windows\System32\ADVAPI32.dll
0x00007ffd1f080000 - 0x00007ffd1f0db000 	C:\Windows\System32\sechost.dll
0x00007ffd1ec80000 - 0x00007ffd1ec88000 	C:\Windows\System32\PSAPI.DLL
0x00007ffd14090000 - 0x00007ffd14099000 	C:\Windows\SYSTEM32\WSOCK32.dll
0x00007ffd1f010000 - 0x00007ffd1f07a000 	C:\Windows\System32\WS2_32.dll
0x00007ffd1b280000 - 0x00007ffd1b2a3000 	C:\Windows\SYSTEM32\WINMM.dll
0x00007ffd14670000 - 0x00007ffd1467a000 	C:\Windows\SYSTEM32\VERSION.dll
0x00007ffd1b220000 - 0x00007ffd1b24b000 	C:\Windows\SYSTEM32\WINMMBASE.dll
0x00007ffd1ced0000 - 0x00007ffd1cf12000 	C:\Windows\System32\cfgmgr32.dll
0x00007ffd1ce40000 - 0x00007ffd1ce4f000 	C:\Windows\System32\kernel.appcore.dll
0x00007ffd13010000 - 0x00007ffd1301a000 	c:\Users\Administrador.WIN-O4UNOBESOUT\.vscode\extensions\redhat.java-1.11.0-win32-x64\jre\17.0.4.1-win32-x86_64\bin\jimage.dll
0x00007ffd174a0000 - 0x00007ffd17632000 	C:\Windows\SYSTEM32\DBGHELP.DLL
0x00007ffd17470000 - 0x00007ffd17499000 	C:\Windows\SYSTEM32\dbgcore.DLL
0x00007ffd09c70000 - 0x00007ffd09c95000 	c:\Users\Administrador.WIN-O4UNOBESOUT\.vscode\extensions\redhat.java-1.11.0-win32-x64\jre\17.0.4.1-win32-x86_64\bin\java.dll
0x00007ffd0d580000 - 0x00007ffd0d598000 	c:\Users\Administrador.WIN-O4UNOBESOUT\.vscode\extensions\redhat.java-1.11.0-win32-x64\jre\17.0.4.1-win32-x86_64\bin\zip.dll
0x00007ffd1f340000 - 0x00007ffd20846000 	C:\Windows\System32\SHELL32.dll
0x00007ffd1d2f0000 - 0x00007ffd1d9c3000 	C:\Windows\System32\windows.storage.dll
0x00007ffd1ce80000 - 0x00007ffd1cecc000 	C:\Windows\System32\powrprof.dll
0x00007ffd1e270000 - 0x00007ffd1e2c2000 	C:\Windows\System32\shlwapi.dll
0x00007ffd1dcf0000 - 0x00007ffd1dd98000 	C:\Windows\System32\shcore.dll
0x00007ffd1ce50000 - 0x00007ffd1ce64000 	C:\Windows\System32\profapi.dll
0x00007ffd12ff0000 - 0x00007ffd13009000 	C:\Users\Administrador.WIN-O4UNOBESOUT\.vscode\extensions\redhat.java-1.11.0-win32-x64\jre\17.0.4.1-win32-x86_64\bin\net.dll
0x00007ffd18620000 - 0x00007ffd186ed000 	C:\Windows\SYSTEM32\WINHTTP.dll
0x00007ffd1c760000 - 0x00007ffd1c7bd000 	C:\Windows\system32\mswsock.dll
0x00007ffd0e830000 - 0x00007ffd0e845000 	C:\Users\Administrador.WIN-O4UNOBESOUT\.vscode\extensions\redhat.java-1.11.0-win32-x64\jre\17.0.4.1-win32-x86_64\bin\nio.dll
0x00007ffd0e820000 - 0x00007ffd0e830000 	c:\Users\Administrador.WIN-O4UNOBESOUT\.vscode\extensions\redhat.java-1.11.0-win32-x64\jre\17.0.4.1-win32-x86_64\bin\verify.dll
0x00007ffd0e7e0000 - 0x00007ffd0e7e9000 	C:\Users\Administrador.WIN-O4UNOBESOUT\.vscode\extensions\redhat.java-1.11.0-win32-x64\jre\17.0.4.1-win32-x86_64\bin\management.dll
0x00007ffd0e7d0000 - 0x00007ffd0e7db000 	C:\Users\Administrador.WIN-O4UNOBESOUT\.vscode\extensions\redhat.java-1.11.0-win32-x64\jre\17.0.4.1-win32-x86_64\bin\management_ext.dll
0x00007ffd121f0000 - 0x00007ffd12206000 	C:\Windows\system32\napinsp.dll
0x00007ffd1c4d0000 - 0x00007ffd1c572000 	C:\Windows\SYSTEM32\DNSAPI.dll
0x00007ffd20880000 - 0x00007ffd20888000 	C:\Windows\System32\NSI.dll
0x00007ffd1c490000 - 0x00007ffd1c4c8000 	C:\Windows\SYSTEM32\IPHLPAPI.DLL
0x00007ffd121e0000 - 0x00007ffd121ee000 	C:\Windows\System32\winrnr.dll
0x00007ffd17d50000 - 0x00007ffd17d68000 	C:\Windows\system32\NLAapi.dll
0x00007ffd14dd0000 - 0x00007ffd14dda000 	C:\Windows\System32\rasadhlp.dll
0x00007ffd16460000 - 0x00007ffd164ca000 	C:\Windows\System32\fwpuclnt.dll
0x00007ffd1cd80000 - 0x00007ffd1cdab000 	C:\Windows\SYSTEM32\bcrypt.dll

dbghelp: loaded successfully - version: 4.0.5 - missing functions: none
symbol engine: initialized successfully - sym options: 0x614 - pdb path: .;c:\Users\Administrador.WIN-O4UNOBESOUT\.vscode\extensions\redhat.java-1.11.0-win32-x64\jre\17.0.4.1-win32-x86_64\bin;C:\Windows\SYSTEM32;C:\Windows\WinSxS\amd64_microsoft.windows.common-controls_6595b64144ccf1df_6.0.14393.4169_none_7de0bbf28341b1f2;c:\Users\Administrador.WIN-O4UNOBESOUT\.vscode\extensions\redhat.java-1.11.0-win32-x64\jre\17.0.4.1-win32-x86_64\bin\server

VM Arguments:
jvm_args: -Dsts.lsp.client=vscode -Dsts.log.file=/dev/null -XX:TieredStopAtLevel=1 -Xlog:jni+resolve=off -Dspring.config.location=file:c:\Users\Administrador.WIN-O4UNOBESOUT\.vscode\extensions\pivotal.vscode-spring-boot-1.39.0\language-server\BOOT-INF\classes\application.properties 
java_command: org.springframework.ide.vscode.boot.app.BootLanguageServerBootApp
java_class_path (initial): c:\Users\Administrador.WIN-O4UNOBESOUT\.vscode\extensions\pivotal.vscode-spring-boot-1.39.0\language-server\BOOT-INF\classes;c:\Users\Administrador.WIN-O4UNOBESOUT\.vscode\extensions\pivotal.vscode-spring-boot-1.39.0\language-server\BOOT-INF\lib\annotations-23.0.0.jar;c:\Users\Administrador.WIN-O4UNOBESOUT\.vscode\extensions\pivotal.vscode-spring-boot-1.39.0\language-server\BOOT-INF\lib\antlr-runtime-3.5.2.jar;c:\Users\Administrador.WIN-O4UNOBESOUT\.vscode\extensions\pivotal.vscode-spring-boot-1.39.0\language-server\BOOT-INF\lib\antlr4-4.9.3.jar;c:\Users\Administrador.WIN-O4UNOBESOUT\.vscode\extensions\pivotal.vscode-spring-boot-1.39.0\language-server\BOOT-INF\lib\antlr4-runtime-4.9.3.jar;c:\Users\Administrador.WIN-O4UNOBESOUT\.vscode\extensions\pivotal.vscode-spring-boot-1.39.0\language-server\BOOT-INF\lib\asm-9.3.jar;c:\Users\Administrador.WIN-O4UNOBESOUT\.vscode\extensions\pivotal.vscode-spring-boot-1.39.0\language-server\BOOT-INF\lib\asm-analysis-9.3.jar;c:\Users\Administrador.WIN-O4UNOBESOUT\.vscode\extensions\pivotal.vscode-spring-boot-1.39.0\language-server\BOOT-INF\lib\asm-tree-9.3.jar;c:\Users\Administrador.WIN-O4UNOBESOUT\.vscode\extensions\pivotal.vscode-spring-boot-1.39.0\language-server\BOOT-INF\lib\asm-util-9.3.jar;c:\Users\Administrador.WIN-O4UNOBESOUT\.vscode\extensions\pivotal.vscode-spring-boot-1.39.0\language-server\BOOT-INF\lib\byte-buddy-1.12.13.jar;c:\Users\Administrador.WIN-O4UNOBESOUT\.vscode\extensions\pivotal.vscode-spring-boot-1.39.0\language-server\BOOT-INF\lib\caffeine-2.9.3.jar;c:\Users\Administrador.WIN-O4UNOBESOUT\.vscode\extensions\pivotal.vscode-spring-boot-1.39.0\language-server\BOOT-INF\lib\checker-qual-3.12.0.jar;c:\Users\Administrador.WIN-O4UNOBESOUT\.vscode\extensions\pivotal.vscode-spring-boot-1.39.0\language-server\BOOT-INF\lib\classgraph-4.8.149.jar;c:\Users\Administrador.WIN-O4UNOBESOUT\.vscode\extensions\pivotal.vscode-spring-boot-1.39.0\language-server\BOOT-INF\lib\commons-codec-1.15.jar;c:\Us
Launcher Type: SUN_STANDARD

[Global flags]
     intx CICompilerCount                          = 2                                         {product} {ergonomic}
     uint ConcGCThreads                            = 1                                         {product} {ergonomic}
     uint G1ConcRefinementThreads                  = 2                                         {product} {ergonomic}
   size_t G1HeapRegionSize                         = 1048576                                   {product} {ergonomic}
    uintx GCDrainStackTargetSize                   = 64                                        {product} {ergonomic}
   size_t InitialHeapSize                          = 67108864                                  {product} {ergonomic}
   size_t MarkStackSize                            = 4194304                                   {product} {ergonomic}
   size_t MaxHeapSize                              = 1073741824                                {product} {ergonomic}
   size_t MaxNewSize                               = 643825664                                 {product} {ergonomic}
   size_t MinHeapDeltaBytes                        = 1048576                                   {product} {ergonomic}
   size_t MinHeapSize                              = 8388608                                   {product} {ergonomic}
    uintx NonProfiledCodeHeapSize                  = 0                                      {pd product} {ergonomic}
     bool ProfileInterpreter                       = false                                  {pd product} {command line}
    uintx ProfiledCodeHeapSize                     = 0                                      {pd product} {ergonomic}
   size_t SoftMaxHeapSize                          = 1073741824                             {manageable} {ergonomic}
     intx TieredStopAtLevel                        = 1                                         {product} {command line}
     bool UseCompressedClassPointers               = true                           {product lp64_product} {ergonomic}
     bool UseCompressedOops                        = true                           {product lp64_product} {ergonomic}
     bool UseG1GC                                  = true                                      {product} {ergonomic}
     bool UseLargePagesIndividualAllocation        = false                                  {pd product} {ergonomic}

Logging:
Log output configuration:
 #0: stdout all=warning,jni+resolve=off uptime,level,tags
 #1: stderr all=off uptime,level,tags

Environment Variables:
PATH=C:\Python310\Scripts\;C:\Python310\;C:\Program Files (x86)\Common Files\Oracle\Java\javapath;C:\Inprise\vbroker\bin;C:\Program Files (x86)\Borland\Delphi7\Bin;C:\Program Files (x86)\Borland\Delphi7\Projects\Bpl\;C:\Windows\system32;C:\Windows;C:\Windows\System32\Wbem;C:\Windows\System32\WindowsPowerShell\v1.0\;C:\wamp64\bin\php\php7.4.0;C:\Users\Luiza\AppData\Roaming\npm\;C:\Users\Luiza\AppData\Roaming\npm\node_modules\@angular\cli;C:\Users\Daniela\AppData\Roaming\npm\;C:\Users\Daniela\AppData\Roaming\npm\node_modules\@angular\cli;C:\Users\Andressa\AppData\Roaming\npm\;C:\Users\Andressa\AppData\Roaming\npm\node_modules\@angular\cli;C:\Users\Jonas\AppData\Roaming\npm\;C:\Users\Jonas\AppData\Roaming\npm\node_modules\@angular\cli;C:\Program Files\OpenSSH-Win64;C:\Program Files\PuTTY\;C:\Program Files (x86)\WinMerge;C:\Program Files\Microsoft VS Code\bin;C:\ProgramData\chocolatey\bin;C:\Program Files\nodejs\;C:\Program Files\Git\cmd;C:\wamp64\bin\mysql\mysql8.0.18\bin;C:\Users\Administrador.WIN-O4UNOBESOUT\AppData\Local\Microsoft\WindowsApps;C:\Users\Administrador.WIN-O4UNOBESOUT\AppData\Roaming\Composer\vendor\bin;C:\Users\Administrador.WIN-O4UNOBESOUT\AppData\Roaming\npm
USERNAME=Administrador
OS=Windows_NT
PROCESSOR_IDENTIFIER=Intel64 Family 6 Model 158 Stepping 9, GenuineIntel
TMP=C:\Users\ADMINI~1.WIN\AppData\Local\Temp\2
TEMP=C:\Users\ADMINI~1.WIN\AppData\Local\Temp\2



---------------  S Y S T E M  ---------------

OS:
 Windows Server 2016 , 64 bit Build 14393 (10.0.14393.5127)
OS uptime: 16 days 18:11 hours
VMWare virtualization detected

CPU: total 2 (initial active 2) (1 cores per cpu, 1 threads per core) family 6 model 158 stepping 9 microcode 0x8e, cx8, cmov, fxsr, mmx, 3dnowpref, sse, sse2, sse3, ssse3, sse4.1, sse4.2, popcnt, lzcnt, tsc, tscinvbit, avx, avx2, aes, erms, clmul, bmi1, bmi2, rtm, adx, fma, vzeroupper, clflush, clflushopt, hv

Memory: 4k page, system-wide physical 4094M (40M free)
TotalPageFile size 16382M (AvailPageFile size 0M)
current process WorkingSet (physical memory assigned to process): 97M, peak: 110M
current process commit charge ("private bytes"): 134M, peak: 149M

vm_info: OpenJDK 64-Bit Server VM (17.0.4.1+1) for windows-amd64 JRE (17.0.4.1+1), built on Aug 17 2022 07:42:43 by "temurin" with MS VC++ 16.7 (VS2019)

END.
